2024-06-23 16:48:40.6e6 Received data from 127.0.0.1:55424: FC-06-05-05-05-05-05-05-05-05-05-05-0A-05-05-05-05-05-05
2024-06-23 16:48:40.6e6 Touch detected: 10
2024-06-23 16:48:40.6e6 Color change detected
2024-06-23 16:48:40.6e6 Score: 1
2024-06-23 16:48:40.6e6 Score updated: 1
2024-06-23 16:48:42.1e1 Received data from 127.0.0.1:55425: FC-06-05-05-05-05-05-05-05-05-05-05-0A-05-05-05-05-05
2024-06-23 16:48:42.1e1 Touch detected: 10
2024-06-23 16:48:42.1e1 Color change detected
2024-06-23 16:48:42.1e1 Score: 2
2024-06-23 16:48:42.1e1 Score updated: 2
2024-06-23 16:48:42.1e1 All targets hit
2024-06-23 16:48:42.1e1 moving to next iterations: 1 Iteration time: 60000 
2024-06-23 16:48:44.1e1 Received data from 127.0.0.1:55424: FC-06-05-05-05-05-05-05-05-05-05-0A-05-05-05-05-05-05-05
2024-06-23 16:48:44.1e1 Touch detected: 9
2024-06-23 16:48:44.1e1 Color change detected
2024-06-23 16:48:44.1e1 Score: 3
2024-06-23 16:48:44.1e1 Score updated: 3
2024-06-23 16:48:46.1e1 Received data from 127.0.0.1:55425: FC-06-05-0A-05-05-05-05-05-05-05-05-05-05-05-05-05-05
2024-06-23 16:48:46.1e1 Touch detected: 1
2024-06-23 16:48:46.1e1 Color change detected
2024-06-23 16:48:46.1e1 Score: 4
2024-06-23 16:48:46.1e1 Score updated: 4
2024-06-23 16:48:46.1e1 All targets hit
2024-06-23 16:48:46.1e1 moving to next iterations: 2 Iteration time: 60000 
2024-06-23 16:48:47.1e1 Received data from 127.0.0.1:55425: FC-06-05-05-05-05-05-05-05-05-05-05-05-05-0A-05-05-05
2024-06-23 16:48:47.1e1 Touch detected: 12
2024-06-23 16:48:47.1e1 Color change detected
2024-06-23 16:48:47.1e1 Score: 5
2024-06-23 16:48:47.1e1 Score updated: 5
2024-06-23 16:48:48.0e0 Received data from 127.0.0.1:55424: FC-06-05-05-05-05-05-05-0A-05-05-05-05-05-05-05-05-05-05
2024-06-23 16:48:48.0e0 Touch detected: 6
2024-06-23 16:48:48.0e0 Color change detected
2024-06-23 16:48:48.0e0 All targets hit
2024-06-23 16:48:48.0e0 All targets hit
2024-06-23 16:48:48.1e1 Score: 6
2024-06-23 16:48:48.1e1 Score updated: 6
2024-06-23 16:48:48.1e1 All targets hit
2024-06-23 16:48:48.1e1 Game Win level: 1
2024-06-23 16:48:48.1e1 Game Win level: 1
2024-06-23 16:48:48.1e1 Game Win level: 1
2024-06-23 16:48:48.1e1 moving to next iterations: 0 Iteration time: 50000 
2024-06-23 16:48:48.1e1 moving to next iterations: 0 Iteration time: 50000 
2024-06-23 16:48:48.1e1 moving to next iterations: 0 Iteration time: 50000 
2024-06-23 16:48:49.0e0 Received data from 127.0.0.1:55424: FC-06-0A-05-05-05-05-05-05-05-05-05-05-05-05-05-05-05-05
2024-06-23 16:48:49.0e0 Touch detected: 0
2024-06-23 16:48:49.0e0 Color change detected
2024-06-23 16:48:49.1e1 Score: 7
2024-06-23 16:48:49.1e1 Score updated: 7
2024-06-23 18:02:30.4e4 Received data from 127.0.0.1:49850: FC-06-05-0A-05-05-05-05-05-05-05-05-05-05-05-05-05-05-05-05-05-05-05-05-05-05-05
2024-06-23 18:02:30.4e4 Touch detected: 1
2024-06-23 18:02:30.4e4 Incorrect step detected
2024-06-23 18:02:30.4e4 Score reset to 0 due to incorrect step
2024-06-23 18:02:30.4e4 Score: 0
2024-06-23 18:02:30.4e4 All targets hit
2024-06-23 18:02:30.5e5 moving to next iterations: 1 Iteration time: 60000 
2024-06-23 18:02:30.6e6 All targets hit
2024-06-23 18:02:30.6e6 All targets hit
2024-06-23 18:02:30.6e6 Game Win level: 1
2024-06-23 18:02:30.6e6 moving to next iterations: 0 Iteration time: 50000 
2024-06-23 18:02:30.6e6 moving to next iterations: 0 Iteration time: 50000 
2024-06-23 18:02:30.8e8 All targets hit
2024-06-23 18:02:30.8e8 All targets hit
2024-06-23 18:02:30.8e8 moving to next iterations: 2 Iteration time: 50000 
2024-06-23 18:02:30.8e8 moving to next iterations: 2 Iteration time: 50000 
2024-06-23 18:02:31.0e0 All targets hit
2024-06-23 18:02:31.0e0 Game Win level: 2
2024-06-23 18:02:31.0e0 All targets hit
2024-06-23 18:02:31.0e0 Game Win level: 3
2024-06-23 18:02:31.0e0 moving to next iterations: 0 Iteration time: 30000 
2024-06-23 18:02:31.0e0 moving to next iterations: 0 Iteration time: 30000 
2024-06-23 18:02:31.2e2 All targets hit
2024-06-23 18:02:31.2e2 All targets hit
2024-06-23 18:02:31.2e2 moving to next iterations: 2 Iteration time: 30000 
2024-06-23 18:02:31.3e3 moving to next iterations: 2 Iteration time: 30000 
2024-06-23 18:02:31.4e4 All targets hit
2024-06-23 18:02:31.4e4 All targets hit
2024-06-23 18:02:31.4e4 Game Win level: 4
2024-06-23 18:02:31.4e4 Game Win level: 4
2024-06-23 18:02:31.4e4 Reached to last Level 3 ending game
2024-06-23 18:02:31.4e4 Reached to last Level 3 ending game
2024-06-23 18:03:01.0e0 iteration failed within 10000 second
2024-06-23 18:03:01.2e2 iteration failed within 10000 second
2024-06-23 18:03:11.3e3 iteration failed within 10000 second
2024-06-23 18:04:38.1e1 Received data from 127.0.0.1:56280: FC-06-05-05-0A-05-05-05-05-05-05-05-05-05-05-05-05-05-05-05-05-05-05-05-05-05-05
2024-06-23 18:04:38.1e1 Touch detected: 2
2024-06-23 18:04:38.1e1 Incorrect step detected
2024-06-23 18:04:38.1e1 Score reset to 0 due to incorrect step
2024-06-23 18:04:38.1e1 Score: 0
2024-06-23 18:04:39.4e4 Received data from 127.0.0.1:56280: FC-06-05-05-05-05-05-05-05-05-05-05-05-05-05-0A-05-05-05-05-05-05-05-05-05-05-05
2024-06-23 18:04:39.4e4 Touch detected: 13
2024-06-23 18:04:39.4e4 Incorrect step detected
2024-06-23 18:04:39.4e4 Score reset to 0 due to incorrect step
2024-06-23 18:04:39.4e4 Score: 0
2024-06-23 18:04:39.9e9 Received data from 127.0.0.1:56280: FC-06-05-05-05-05-05-05-05-05-05-05-05-05-0A-05-05-05-05-05-05-05-05-05-05-05-05
2024-06-23 18:04:39.9e9 Touch detected: 12
2024-06-23 18:04:39.9e9 Incorrect step detected
2024-06-23 18:04:39.9e9 Score reset to 0 due to incorrect step
2024-06-23 18:04:39.9e9 Score: 0
2024-06-23 18:04:39.9e9 All targets hit
2024-06-23 18:04:39.9e9 moving to next iterations: 1 Iteration time: 60000 
2024-06-23 18:04:40.0e0 All targets hit
2024-06-23 18:04:40.0e0 All targets hit
2024-06-23 18:04:40.0e0 Game Win level: 1
2024-06-23 18:04:40.1e1 moving to next iterations: 0 Iteration time: 50000 
2024-06-23 18:04:40.1e1 moving to next iterations: 0 Iteration time: 50000 
2024-06-23 18:04:40.2e2 All targets hit
2024-06-23 18:04:40.2e2 All targets hit
2024-06-23 18:04:40.3e3 moving to next iterations: 2 Iteration time: 50000 
2024-06-23 18:04:40.3e3 moving to next iterations: 2 Iteration time: 50000 
2024-06-23 18:04:40.4e4 All targets hit
2024-06-23 18:04:40.4e4 All targets hit
2024-06-23 18:04:40.4e4 Game Win level: 2
2024-06-23 18:04:40.4e4 Game Win level: 2
2024-06-23 18:04:40.5e5 moving to next iterations: 0 Iteration time: 30000 
2024-06-23 18:04:40.5e5 moving to next iterations: 0 Iteration time: 30000 
2024-06-23 18:04:40.6e6 All targets hit
2024-06-23 18:04:40.6e6 All targets hit
2024-06-23 18:04:40.6e6 moving to next iterations: 2 Iteration time: 30000 
2024-06-23 18:04:40.7e7 moving to next iterations: 2 Iteration time: 30000 
2024-06-23 18:04:40.8e8 All targets hit
2024-06-23 18:04:40.8e8 All targets hit
2024-06-23 18:04:40.8e8 Game Win level: 4
2024-06-23 18:04:40.8e8 Game Win level: 4
2024-06-23 18:04:40.9e9 Reached to last Level 3 ending game
2024-06-23 18:04:40.9e9 Reached to last Level 3 ending game
2024-06-23 18:05:10.5e5 iteration failed within 10000 second
2024-06-23 18:05:10.7e7 iteration failed within 10000 second
2024-06-23 18:05:20.7e7 iteration failed within 10000 second
2024-06-23 18:06:19.5e5 Received data from 127.0.0.1:56280: FC-06-05-05-05-05-05-05-05-05-05-05-05-05-05-05-05-05-05-0A-05-05-05-05-05-05-05
2024-06-23 18:06:19.5e5 Touch detected: 17
2024-06-23 18:06:19.5e5 Incorrect step detected
2024-06-23 18:06:19.5e5 Score reset to 0 due to incorrect step
2024-06-23 18:06:19.5e5 Score: 0
2024-06-23 18:06:21.6e6 Received data from 127.0.0.1:56281: FC-06-05-05-05-05-05-0A-05-05-05-05-05-05-05-05-05-05-05-05-05-05-05-05-05-05-05
2024-06-23 18:06:21.6e6 Touch detected: 5
2024-06-23 18:06:21.6e6 Correct step detected
2024-06-23 18:06:21.6e6 Score: 1
2024-06-23 18:06:21.6e6 Score updated: 1
2024-06-23 18:06:21.6e6 All targets hit
2024-06-23 18:06:21.6e6 moving to next iterations: 1 Iteration time: 60000 
2024-06-23 18:06:21.6e6 All targets hit
2024-06-23 18:06:21.6e6 All targets hit
2024-06-23 18:06:21.6e6 Game Win level: 1
2024-06-23 18:06:21.6e6 moving to next iterations: 0 Iteration time: 50000 
2024-06-23 18:06:21.6e6 moving to next iterations: 0 Iteration time: 50000 
2024-06-23 18:06:21.8e8 All targets hit
2024-06-23 18:06:21.8e8 All targets hit
2024-06-23 18:06:21.8e8 moving to next iterations: 2 Iteration time: 50000 
2024-06-23 18:06:21.8e8 moving to next iterations: 2 Iteration time: 50000 
2024-06-23 18:06:22.0e0 All targets hit
2024-06-23 18:06:22.0e0 All targets hit
2024-06-23 18:06:22.0e0 Game Win level: 2
2024-06-23 18:06:22.0e0 Game Win level: 2
2024-06-23 18:06:22.1e1 moving to next iterations: 0 Iteration time: 30000 
2024-06-23 18:06:22.1e1 moving to next iterations: 0 Iteration time: 30000 
2024-06-23 18:06:22.2e2 All targets hit
2024-06-23 18:06:22.2e2 All targets hit
2024-06-23 18:06:22.3e3 moving to next iterations: 2 Iteration time: 30000 
2024-06-23 18:06:22.3e3 moving to next iterations: 2 Iteration time: 30000 
2024-06-23 18:06:22.4e4 All targets hit
2024-06-23 18:06:22.4e4 All targets hit
2024-06-23 18:06:22.4e4 Game Win level: 4
2024-06-23 18:06:22.4e4 Game Win level: 4
2024-06-23 18:06:22.4e4 Reached to last Level 3 ending game
2024-06-23 18:06:22.4e4 Reached to last Level 3 ending game
2024-06-23 18:06:52.1e1 iteration failed within 10000 second
2024-06-23 18:06:52.3e3 iteration failed within 10000 second
2024-06-23 18:07:02.3e3 iteration failed within 10000 second
2024-06-23 18:07:12.4e4 iteration failed within 10000 second
2024-06-23 18:08:24.8e8 Received data from 127.0.0.1:56281: FC-06-05-05-05-05-05-05-05-05-05-05-05-05-05-05-0A-05-05-05-05-05-05-05-05-05-05
2024-06-23 18:08:24.8e8 Touch detected: 14
2024-06-23 18:08:24.8e8 Correct step detected
2024-06-23 18:08:24.8e8 Score: 1
2024-06-23 18:08:24.8e8 Score updated: 1
2024-06-23 18:08:25.5e5 Received data from 127.0.0.1:56281: FC-06-05-05-05-05-05-05-05-05-05-05-05-05-05-0A-05-05-05-05-05-05-05-05-05-05-05
2024-06-23 18:08:25.5e5 Touch detected: 13
2024-06-23 18:08:25.5e5 Correct step detected
2024-06-23 18:08:25.5e5 Score: 2
2024-06-23 18:08:25.5e5 Score updated: 2
2024-06-23 18:08:25.9e9 Received data from 127.0.0.1:56281: FC-06-05-05-05-05-0A-05-05-05-05-05-05-05-05-05-05-05-05-05-05-05-05-05-05-05-05
2024-06-23 18:08:25.9e9 Touch detected: 4
2024-06-23 18:08:25.9e9 Correct step detected
2024-06-23 18:08:26.0e0 Score: 3
2024-06-23 18:08:26.0e0 Score updated: 3
2024-06-23 18:08:26.4e4 Received data from 127.0.0.1:56281: FC-06-05-0A-05-05-05-05-05-05-05-05-05-05-05-05-05-05-05-05-05-05-05-05-05-05-05
2024-06-23 18:08:26.4e4 Touch detected: 1
2024-06-23 18:08:26.4e4 Correct step detected
2024-06-23 18:08:26.4e4 Score: 4
2024-06-23 18:08:26.4e4 Score updated: 4
2024-06-23 18:08:27.1e1 Received data from 127.0.0.1:56280: FC-06-05-05-05-05-05-05-05-05-05-05-05-05-05-05-05-05-05-0A-05-05-05-05-05-05-05
2024-06-23 18:08:27.1e1 Touch detected: 17
2024-06-23 18:08:27.1e1 Correct step detected
2024-06-23 18:08:27.1e1 Score: 5
2024-06-23 18:08:27.1e1 Score updated: 5
2024-06-23 18:08:27.1e1 All targets hit
2024-06-23 18:08:27.1e1 All targets hit
2024-06-23 18:08:27.2e2 moving to next iterations: 2 Iteration time: 60000 
2024-06-23 18:08:27.2e2 moving to next iterations: 2 Iteration time: 60000 
2024-06-23 18:08:27.2e2 All targets hit
2024-06-23 18:08:27.2e2 Game Win level: 1
2024-06-23 18:08:27.2e2 moving to next iterations: 0 Iteration time: 50000 
2024-06-23 18:08:27.3e3 All targets hit
2024-06-23 18:08:27.3e3 All targets hit
2024-06-23 18:08:27.4e4 moving to next iterations: 2 Iteration time: 50000 
2024-06-23 18:08:27.4e4 moving to next iterations: 2 Iteration time: 50000 
2024-06-23 18:08:27.5e5 All targets hit
2024-06-23 18:08:27.5e5 All targets hit
2024-06-23 18:08:27.6e6 Game Win level: 2
2024-06-23 18:08:27.6e6 Game Win level: 2
2024-06-23 18:08:27.6e6 moving to next iterations: 0 Iteration time: 30000 
2024-06-23 18:08:27.6e6 moving to next iterations: 0 Iteration time: 30000 
2024-06-23 18:08:27.8e8 All targets hit
2024-06-23 18:08:27.8e8 All targets hit
2024-06-23 18:08:27.8e8 moving to next iterations: 2 Iteration time: 30000 
2024-06-23 18:08:27.8e8 moving to next iterations: 2 Iteration time: 30000 
2024-06-23 18:08:28.0e0 All targets hit
2024-06-23 18:08:28.0e0 All targets hit
2024-06-23 18:08:28.0e0 Game Win level: 4
2024-06-23 18:08:28.0e0 Game Win level: 4
2024-06-23 18:08:28.0e0 Reached to last Level 3 ending game
2024-06-23 18:08:28.0e0 Reached to last Level 3 ending game
2024-06-23 19:20:46.2e2 Received data from 127.0.0.1:51419: FC-06-05-05-05-05-05-05-05-05-05-05-05-05-05-05-05-05-05-05-05-05-05-05-05-05-05-05-05-05-05-05-05-05-05-05-05-05-05-05-05-05-05-05-05-05-05-05-05-05-05-05-0A-05-05-05-05-05-05-05-05-05-05-05-05-05-05-05-05-05-05-05-05-05-05-05-05-05-05-05-05-05-05-05-05-05-05-05-05-05-05-05-05-05-05-05-05-05-05-05-05-05
2024-06-23 19:20:46.2e2 Touch detected: 50
2024-06-23 19:20:47.0e0 Received data from 127.0.0.1:51419: FC-06-05-05-05-05-05-05-05-05-05-05-05-05-05-05-05-05-05-05-05-05-05-05-05-05-05-05-05-05-05-05-05-05-05-05-05-05-05-05-05-05-05-05-05-05-05-05-05-05-05-05-05-0A-05-05-05-05-05-05-05-05-05-05-05-05-05-05-05-05-05-05-05-05-05-05-05-05-05-05-05-05-05-05-05-05-05-05-05-05-05-05-05-05-05-05-05-05-05-05-05-05
2024-06-23 19:20:47.0e0 Touch detected: 51
2024-06-23 19:20:47.7e7 Received data from 127.0.0.1:51419: FC-06-05-05-05-05-05-05-05-05-05-05-05-05-05-05-05-05-05-05-05-05-05-05-05-05-05-05-05-05-05-05-05-05-05-05-05-05-05-05-05-05-05-05-05-05-05-05-05-05-05-05-05-05-05-0A-05-05-05-05-05-05-05-05-05-05-05-05-05-05-05-05-05-05-05-05-05-05-05-05-05-05-05-05-05-05-05-05-05-05-05-05-05-05-05-05-05-05-05-05-05-05
2024-06-23 19:20:47.7e7 Touch detected: 53
2024-06-23 19:20:48.3e3 Received data from 127.0.0.1:51419: FC-06-05-05-05-05-05-05-05-05-05-05-05-05-05-05-05-05-05-05-05-05-05-05-05-05-05-05-05-05-05-05-05-05-05-05-05-05-05-05-05-05-05-05-05-05-05-05-05-05-05-05-05-05-05-05-05-0A-05-05-05-05-05-05-05-05-05-05-05-05-05-05-05-05-05-05-05-05-05-05-05-05-05-05-05-05-05-05-05-05-05-05-05-05-05-05-05-05-05-05-05-05
2024-06-23 19:20:48.3e3 Touch detected: 55
2024-06-23 19:20:50.4e4 Received data from 127.0.0.1:51419: FC-06-05-05-05-05-05-05-05-05-05-05-05-05-05-05-05-05-05-05-05-05-05-05-05-05-05-05-05-05-05-05-05-05-05-05-05-05-05-05-05-05-05-0A-05-05-05-05-05-05-05-05-05-05-05-05-05-05-05-05-05-05-05-05-05-05-05-05-05-05-05-05-05-05-05-05-05-05-05-05-05-05-05-05-05-05-05-05-05-05-05-05-05-05-05-05-05-05-05-05-05-05
2024-06-23 19:20:50.4e4 Touch detected: 41
2024-06-23 19:20:51.0e0 Received data from 127.0.0.1:51419: FC-06-05-05-05-05-05-05-05-05-05-05-05-05-05-05-05-05-05-05-05-05-05-05-05-05-05-05-05-05-05-05-05-05-05-05-05-05-05-0A-05-05-05-05-05-05-05-05-05-05-05-05-05-05-05-05-05-05-05-05-05-05-05-05-05-05-05-05-05-05-05-05-05-05-05-05-05-05-05-05-05-05-05-05-05-05-05-05-05-05-05-05-05-05-05-05-05-05-05-05-05-05
2024-06-23 19:20:51.0e0 Touch detected: 37
2024-06-23 19:20:51.7e7 Received data from 127.0.0.1:51419: FC-06-05-05-05-05-05-05-05-05-05-05-05-05-05-05-05-05-05-05-05-05-05-05-05-05-05-05-05-05-05-05-05-05-05-05-05-05-0A-05-05-05-05-05-05-05-05-05-05-05-05-05-05-05-05-05-05-05-05-05-05-05-05-05-05-05-05-05-05-05-05-05-05-05-05-05-05-05-05-05-05-05-05-05-05-05-05-05-05-05-05-05-05-05-05-05-05-05-05-05-05-05
2024-06-23 19:20:51.7e7 Touch detected: 36
2024-06-23 19:20:53.2e2 Received data from 127.0.0.1:51419: FC-06-05-05-05-05-05-05-05-05-05-05-05-05-05-05-05-05-05-05-05-05-05-05-05-05-05-05-05-05-05-05-05-05-05-0A-05-05-05-05-05-05-05-05-05-05-05-05-05-05-05-05-05-05-05-05-05-05-05-05-05-05-05-05-05-05-05-05-05-05-05-05-05-05-05-05-05-05-05-05-05-05-05-05-05-05-05-05-05-05-05-05-05-05-05-05-05-05-05-05-05-05
2024-06-23 19:20:53.2e2 Touch detected: 33
2024-06-23 19:20:53.8e8 Received data from 127.0.0.1:51419: FC-06-05-05-05-05-05-05-05-05-05-05-05-05-05-05-05-05-05-05-05-05-05-05-05-05-05-05-05-05-05-05-05-05-0A-05-05-05-05-05-05-05-05-05-05-05-05-05-05-05-05-05-05-05-05-05-05-05-05-05-05-05-05-05-05-05-05-05-05-05-05-05-05-05-05-05-05-05-05-05-05-05-05-05-05-05-05-05-05-05-05-05-05-05-05-05-05-05-05-05-05-05
2024-06-23 19:20:53.8e8 Touch detected: 32
2024-06-23 19:20:54.3e3 Received data from 127.0.0.1:51419: FC-06-05-05-05-05-05-05-05-05-05-05-05-05-05-05-05-05-05-05-05-05-05-05-05-05-05-05-05-05-05-05-05-0A-05-05-05-05-05-05-05-05-05-05-05-05-05-05-05-05-05-05-05-05-05-05-05-05-05-05-05-05-05-05-05-05-05-05-05-05-05-05-05-05-05-05-05-05-05-05-05-05-05-05-05-05-05-05-05-05-05-05-05-05-05-05-05-05-05-05-05-05
2024-06-23 19:20:54.3e3 Touch detected: 31
2024-06-23 19:20:54.8e8 Received data from 127.0.0.1:51419: FC-06-05-05-05-05-05-05-05-05-05-05-05-05-05-05-05-05-05-05-05-05-05-05-05-05-05-05-05-05-05-05-0A-05-05-05-05-05-05-05-05-05-05-05-05-05-05-05-05-05-05-05-05-05-05-05-05-05-05-05-05-05-05-05-05-05-05-05-05-05-05-05-05-05-05-05-05-05-05-05-05-05-05-05-05-05-05-05-05-05-05-05-05-05-05-05-05-05-05-05-05-05
2024-06-23 19:20:54.8e8 Touch detected: 30
